-------------------------------------------------------------------------------
Test set: com.spring.cloud.examples.gateway.DemoGatewayApplicationTests
-------------------------------------------------------------------------------
Tests run: 1, Failures: 0, Errors: 1, Skipped: 0, Time elapsed: 0.018 s <<< FAILURE! - in com.spring.cloud.examples.gateway.DemoGatewayApplicationTests
initializationError  Time elapsed: 0.012 s  <<< ERROR!
java.lang.IllegalStateException: Unable to find a @SpringBootConfiguration, you need to use @ContextConfiguration or @SpringBootTest(classes=...) with your test

